<?xml version="1.0" encoding="UTF-8"?>
<!-- Generated by org.testng.reporters.JUnitReportReporter -->
<testsuite skipped="0" hostname="Desk-67A" name="com.test1.test.SignIn_PageTest" tests="1" failures="0" timestamp="22 Aug 2017 09:30:53 GMT" time="65.457" errors="0">
  <testcase name="SignIn_test" time="65.457" classname="com.test1.test.SignIn_PageTest"/>
</testsuite> <!-- com.test1.test.SignIn_PageTest -->
