<?xml version="1.0" encoding="UTF-8"?>
<!-- Generated by org.testng.reporters.JUnitReportReporter -->
<testsuite skipped="0" hostname="Desk-67A" name="automation_Testcases.SignIn_Test" tests="8" failures="0" timestamp="11 Aug 2017 11:31:34 GMT" time="381.890" errors="0">
  <testcase name="SignIn_Successful_TC" time="28.326" classname="automation_Testcases.SignIn_Test"/>
  <testcase name="Blank_Email_TC" time="82.044" classname="automation_Testcases.SignIn_Test"/>
  <testcase name="Blank_Password_TC" time="53.994" classname="automation_Testcases.SignIn_Test"/>
  <testcase name="Invalid_EmailFormat_TC" time="38.024" classname="automation_Testcases.SignIn_Test"/>
  <testcase name="Incorrect_Password_TC" time="55.394" classname="automation_Testcases.SignIn_Test"/>
  <testcase name="Unregistered_Email_TC" time="41.796" classname="automation_Testcases.SignIn_Test"/>
  <testcase name="ForgotPassword_Navigate_TC" time="41.932" classname="automation_Testcases.SignIn_Test"/>
  <testcase name="SignUp_Navigate_TC" time="40.380" classname="automation_Testcases.SignIn_Test"/>
</testsuite> <!-- automation_Testcases.SignIn_Test -->
