<?xml version="1.0" encoding="UTF-8"?>
<!-- Generated by org.testng.reporters.JUnitReportReporter -->
<testsuite skipped="7" hostname="Desk-67A" name="automation_Testcases.SignUp_Test" tests="9" failures="0" timestamp="11 Aug 2017 11:00:38 GMT" time="106.937" errors="0">
  <testcase name="Popup_Privacy_Policy_TC" time="66.986" classname="automation_Testcases.SignUp_Test"/>
  <testcase name="Popup_T_and_C_TC" time="39.951" classname="automation_Testcases.SignUp_Test"/>
  <testcase name="SignUp_Invalid_PasswordFormat_TC" classname="automation_Testcases.SignUp_Test">
    <skipped/>
  </testcase> <!-- SignUp_Invalid_PasswordFormat_TC -->
  <testcase name="Registered_Email_TC" classname="automation_Testcases.SignUp_Test">
    <skipped/>
  </testcase> <!-- Registered_Email_TC -->
  <testcase name="SignUp_Blank_Password_TC" classname="automation_Testcases.SignUp_Test">
    <skipped/>
  </testcase> <!-- SignUp_Blank_Password_TC -->
  <testcase name="SignUp_Blank_Email_TC" classname="automation_Testcases.SignUp_Test">
    <skipped/>
  </testcase> <!-- SignUp_Blank_Email_TC -->
  <testcase name="SignUp_Successful_TC" classname="automation_Testcases.SignUp_Test">
    <skipped/>
  </testcase> <!-- SignUp_Successful_TC -->
  <testcase name="SignUp_Blank_FullName_TC" classname="automation_Testcases.SignUp_Test">
    <skipped/>
  </testcase> <!-- SignUp_Blank_FullName_TC -->
  <testcase name="SignUp_Invalid_EmailFormat_TC" classname="automation_Testcases.SignUp_Test">
    <skipped/>
  </testcase> <!-- SignUp_Invalid_EmailFormat_TC -->
</testsuite> <!-- automation_Testcases.SignUp_Test -->
