<?xml version="1.0" encoding="UTF-8"?>
<!-- Generated by org.testng.reporters.JUnitReportReporter -->
<testsuite skipped="0" hostname="Desk-67A" name="automation_Testcases.SignUp_Test" tests="9" failures="0" timestamp="25 Aug 2017 08:52:08 GMT" time="458.095" errors="0">
  <testcase name="SignUp_Successful_TC" time="29.946" classname="automation_Testcases.SignUp_Test"/>
  <testcase name="SignUp_Blank_FullName_TC" time="229.167" classname="automation_Testcases.SignUp_Test"/>
  <testcase name="SignUp_Blank_Email_TC" time="35.942" classname="automation_Testcases.SignUp_Test"/>
  <testcase name="SignUp_Blank_Password_TC" time="24.834" classname="automation_Testcases.SignUp_Test"/>
  <testcase name="SignUp_Invalid_EmailFormat_TC" time="27.351" classname="automation_Testcases.SignUp_Test"/>
  <testcase name="SignUp_Invalid_PasswordFormat_TC" time="26.732" classname="automation_Testcases.SignUp_Test"/>
  <testcase name="Registered_Email_TC" time="23.977" classname="automation_Testcases.SignUp_Test"/>
  <testcase name="Popup_Privacy_Policy_TC" time="26.744" classname="automation_Testcases.SignUp_Test"/>
  <testcase name="Popup_T_and_C_TC" time="33.402" classname="automation_Testcases.SignUp_Test"/>
</testsuite> <!-- automation_Testcases.SignUp_Test -->
