<?xml version="1.0" encoding="UTF-8"?>
<!-- Generated by org.testng.reporters.JUnitReportReporter -->
<testsuite skipped="0" hostname="Desk-67A" name="automation_Testcases.SignIn_Test" tests="8" failures="0" timestamp="24 Aug 2017 10:54:38 GMT" time="618.445" errors="0">
  <testcase name="SignIn_Successful_TC" time="68.216" classname="automation_Testcases.SignIn_Test"/>
  <testcase name="Blank_Email_TC" time="45.192" classname="automation_Testcases.SignIn_Test"/>
  <testcase name="Blank_Password_TC" time="42.611" classname="automation_Testcases.SignIn_Test"/>
  <testcase name="Invalid_EmailFormat_TC" time="62.904" classname="automation_Testcases.SignIn_Test"/>
  <testcase name="Incorrect_Password_TC" time="44.546" classname="automation_Testcases.SignIn_Test"/>
  <testcase name="Unregistered_Email_TC" time="61.087" classname="automation_Testcases.SignIn_Test"/>
  <testcase name="ForgotPassword_Navigate_TC" time="42.906" classname="automation_Testcases.SignIn_Test"/>
  <testcase name="SignUp_Navigate_TC" time="250.983" classname="automation_Testcases.SignIn_Test"/>
</testsuite> <!-- automation_Testcases.SignIn_Test -->
