<?xml version="1.0" encoding="UTF-8"?>
<!-- Generated by org.testng.reporters.JUnitReportReporter -->
<testsuite skipped="0" hostname="Desk-67A" name="automation_Testcases.SignIn_Test" tests="8" failures="0" timestamp="25 Aug 2017 08:52:08 GMT" time="238.470" errors="0">
  <testcase name="SignIn_Successful_TC" time="39.176" classname="automation_Testcases.SignIn_Test"/>
  <testcase name="Blank_Email_TC" time="21.114" classname="automation_Testcases.SignIn_Test"/>
  <testcase name="Blank_Password_TC" time="25.023" classname="automation_Testcases.SignIn_Test"/>
  <testcase name="Invalid_EmailFormat_TC" time="29.614" classname="automation_Testcases.SignIn_Test"/>
  <testcase name="Incorrect_Password_TC" time="23.946" classname="automation_Testcases.SignIn_Test"/>
  <testcase name="Unregistered_Email_TC" time="28.786" classname="automation_Testcases.SignIn_Test"/>
  <testcase name="ForgotPassword_Navigate_TC" time="42.161" classname="automation_Testcases.SignIn_Test"/>
  <testcase name="SignUp_Navigate_TC" time="28.650" classname="automation_Testcases.SignIn_Test"/>
</testsuite> <!-- automation_Testcases.SignIn_Test -->
